2021-05-11 16:24:31.976 [e330-0000ffac] LOG Configuration: using v2 configuration file "C:/Users/work/PycharmProjects/RGClient/backend/plugins/fasp/ascp/etc/aspera.conf", user -
2021-05-11 16:24:31.981 [e330-0000ffac] LOG Initializing FASP version 3.9.6.177525, license max rate=(unlimited), account no.=1, license no.=2000 product=48
2021-05-11 16:24:31.981 [e330-0000ffac] LOG Configured symlink actions: create=0, follow=1, follow_wide=0, skip=0
2021-05-11 16:24:31.981 [e330-0000ffac] LOG Product version information not found.

2021-05-11 16:24:31.981 [e330-0000ffac] LOG SSL locking callback already set elsewhere.  Skipping
2021-05-11 16:24:32.021 [e330-0000ffac] LOG (access key) Not present
2021-05-11 16:24:32.533 [e330-0000ffac] LOG [asssh] remote host-key fingerprint 46aaac67be867e7dc63933f34bac5dd36c90dc87
2021-05-11 16:24:37.768 [e330-0000ffac] LOG [asssh] authentication succeeded, proceeding.
2021-05-11 16:24:37.925 [e330-0000ffac] LOG AUTH [CLIENT] op=receive auth_method=client_full_access sess_auth=pass sess_root=unset access_key=NONE remote_user=user_16_1089_output remote_host=plus.renderg.com system_user=work token=- storage=(no docroot)
2021-05-11 16:24:38.261 [e330-0000ffac] LOG Xattrs-preserving modes for starters: --preserve-xattrs=none, --remote-preserve-xattrs=none; --preserve-acls=none, --remote-preserve-acls=none
2021-05-11 16:24:38.262 [e330-0000ffac] ERR FASP Session Peer Error id=a3aec756-5c1b-49ae-9299-24ba465ce6a0 (error 63, No such file or directory)
2021-05-11 16:24:38.262 [e330-0000ffac] ERR Server aborted session: No such file or directory
2021-05-11 16:24:38.262 [e330-0000ffac] ERR Session initialization failure: Server aborted session: No such file or directory (63)
2021-05-11 16:24:38.262 [e330-0000ffac] ERR FASP receiver had error, errcode 63 errstr [Server aborted session: No such file or directory]
2021-05-11 16:24:38.262 [e330-0000ffac] ERR Peer FASP sender had error, errcode 63 errstr [No such file or directory]
2021-05-11 16:24:38.262 [e330-0000ff68] LOG FASP Session Start uuid=a3aec756-5c1b-49ae-9299-24ba465ce6a0 op=recv status=failed errcode=63 errstr="Source path stat failed" source=.745019 dest=downtest source_prefix=- local=10.2.0.13:53210 peer=1.24.210.10:33001 tcp_port=33001 os="Microsoft Windows 6.2 " ver=3.9.6.177525 lic=48:1:2000 peeros="Linux 3.10.0-1160.11.1.el7.x86_64 #1 SMP" peerver=3.7.4.147133 peerlic=10:1:56723 proto_sess=20003 proto_udp=20000 proto_bwmeas=20000 proto_data=2000e
2021-05-11 16:24:38.262 [e330-0000ff68] LOG FASP Session Params uuid=a3aec756-5c1b-49ae-9299-24ba465ce6a0 userid=0 user="user_16_1089_output" targetrate=1000000000 minrate=0 rate_policy=fair cipher=none resume=2 create=0 ovr=1 times=0 precalc=no mf=0 mf_path=- mf_suffix=.aspera-inprogress partial_file_suffix=- files_encrypt=no files_decrypt=no file_csum=NONE dgram_sz=0 prepostcmd=- tcp_mode=no rtt_auto=yes cookie="-" vl_proto_ver=1  peer_vl_proto_ver=1 vl_local=0 vlink_remote=0 vl_sess_id=0 srcbase=- rd_sz=0 wr_sz=0 cluster_num_nodes=1 cluster_node_id=0 cluster_multi_session_threshold=-1 range=0-0 keepalive=no test_login=no proxy_ip=- net_rc_alg=alg_delay exclude_older/newer_than=0/0
2021-05-11 16:24:38.263 [e330-0000ff68] LOG FASP Session Stop uuid=a3aec756-5c1b-49ae-9299-24ba465ce6a0 op=recv status=failed errcode=63 errstr="Source path stat failed" source=.745019 dest=downtest source_prefix=- local=10.2.0.13:53210 peer=1.24.210.10:33001 tcp_port=33001 os="Microsoft Windows 6.2 " ver=3.9.6.177525 lic=48:1:2000 peeros="Linux 3.10.0-1160.11.1.el7.x86_64 #1 SMP" peerver=3.7.4.147133 peerlic=10:1:56723 proto_sess=20003 proto_udp=20000 proto_bwmeas=20000 proto_data=2000e
2021-05-11 16:24:38.264 [e330-0000ff68] LOG FASP Session Params uuid=a3aec756-5c1b-49ae-9299-24ba465ce6a0 userid=0 user="user_16_1089_output" targetrate=1000000000 minrate=0 rate_policy=fair cipher=none resume=2 create=0 ovr=1 times=0 precalc=no mf=0 mf_path=- mf_suffix=.aspera-inprogress partial_file_suffix=- files_encrypt=no files_decrypt=no file_csum=NONE dgram_sz=0 prepostcmd=- tcp_mode=no rtt_auto=yes cookie="-" vl_proto_ver=1  peer_vl_proto_ver=1 vl_local=0 vlink_remote=0 vl_sess_id=0 srcbase=- rd_sz=0 wr_sz=0 cluster_num_nodes=1 cluster_node_id=0 cluster_multi_session_threshold=-1 range=0-0 keepalive=no test_login=no proxy_ip=- net_rc_alg=alg_delay exclude_older/newer_than=0/0
2021-05-11 16:24:38.264 [e330-0000ff68] LOG FASP Session Statistics [Receiver] id=a3aec756-5c1b-49ae-9299-24ba465ce6a0 delay=0ms rex_delay=0ms ooo_delay=0ms solicited_rex=0.00% rcvd_rex=0.00% rcvd_dups=0.00% ave_xmit_rate 0.00Kbps effective=0.00% effective_rate=0.00Kbps (detail: good_blks 0 bl_total 0 bl_orig 0 bl_rex 0 dup_blks 0 dup_last_blks 0 drop_blks_xnf 0) (sndr ctl: sent 0 rcvd 0 lost 0 lost 0.00%) (rcvr ctl: sent 0 rcvd 0 lost 0 lost 0.00%) (rex  ctl: sent 0 rcvd 0 lost 0 lost 0.00%) (progress: tx_bytes 0 file_bytes 0 tx_time 0) rex_xmit_blks 0  xmit_total 0 rex_xmit_pct 0.00%
2021-05-11 16:24:38.376 [e330-0000ffac] LOG as_mutex_destroy, CloseHandle failed, err=6
Last message repeated 1 times
2021-05-11 16:24:38.376 [e330-ffac] LOG ======= File Transfer statistics =======
2021-05-11 16:24:38.376 [e330-0000ffac] LOG ------- Source statistics -------
2021-05-11 16:24:38.376 [e330-0000ffac] LOG Source argument scans attempted             :          0
2021-05-11 16:24:38.376 [e330-0000ffac] LOG - Source argument scans completed           :          0
2021-05-11 16:24:38.376 [e330-0000ffac] LOG Source path scans attempted                 :          0
2021-05-11 16:24:38.376 [e330-0000ffac] LOG - Source path scans failed                  :          0
2021-05-11 16:24:38.376 [e330-0000ffac] LOG - Source path scans skipped since irregular :          0
2021-05-11 16:24:38.376 [e330-0000ffac] LOG - Source path scans excluded                :          0
2021-05-11 16:24:38.376 [e330-0000ffac] LOG - Source directory scans completed          :          0
2021-05-11 16:24:38.376 [e330-0000ffac] LOG - Source file scans completed               :          0
2021-05-11 16:24:38.376 [e330-0000ffac] LOG Source directory creates attempted          :          0
2021-05-11 16:24:38.376 [e330-0000ffac] LOG - Source directory creates failed           :          0
2021-05-11 16:24:38.376 [e330-0000ffac] LOG - Source directory created or existed       :          0
2021-05-11 16:24:38.376 [e330-0000ffac] LOG Source file transfers attempted             :          0
2021-05-11 16:24:38.376 [e330-0000ffac] LOG - Source file transfers failed              :          0
2021-05-11 16:24:38.376 [e330-0000ffac] LOG - Source file transfers passed              :          0
2021-05-11 16:24:38.376 [e330-0000ffac] LOG - Source file transfers skipped             :          0
2021-05-11 16:24:38.376 [e330-0000ffac] LOG Source bytes transferred                    :          0
2021-05-11 16:24:38.376 [e330-0000ffac] LOG ======= end File Transfer statistics =======
2021-05-11 16:24:57.804 [538c-000066a4] LOG Configuration: using v2 configuration file "C:/Users/work/PycharmProjects/RGClient/backend/plugins/fasp/ascp/etc/aspera.conf", user -
2021-05-11 16:24:57.806 [538c-000066a4] LOG Initializing FASP version 3.9.6.177525, license max rate=(unlimited), account no.=1, license no.=2000 product=48
2021-05-11 16:24:57.806 [538c-000066a4] LOG Configured symlink actions: create=0, follow=1, follow_wide=0, skip=0
2021-05-11 16:24:57.806 [538c-000066a4] LOG Product version information not found.

2021-05-11 16:24:57.806 [538c-000066a4] LOG SSL locking callback already set elsewhere.  Skipping
2021-05-11 16:24:57.853 [538c-000066a4] LOG (access key) Not present
2021-05-11 16:24:58.531 [538c-000066a4] LOG [asssh] remote host-key fingerprint 46aaac67be867e7dc63933f34bac5dd36c90dc87
2021-05-11 16:25:03.068 [538c-000066a4] LOG [asssh] authentication succeeded, proceeding.
2021-05-11 16:25:03.231 [538c-000066a4] LOG AUTH [CLIENT] op=receive auth_method=client_full_access sess_auth=pass sess_root=unset access_key=NONE remote_user=user_16_1089_output remote_host=plus.renderg.com system_user=work token=- storage=(no docroot)
2021-05-11 16:25:03.559 [538c-000066a4] LOG Xattrs-preserving modes for starters: --preserve-xattrs=none, --remote-preserve-xattrs=none; --preserve-acls=none, --remote-preserve-acls=none
2021-05-11 16:25:03.559 [538c-000066a4] LOG Negotiated target rate 50000000, original target rate 1000000000, consult remote license/rate cap settings
2021-05-11 16:25:03.560 [538c-0001002c] LOG FASP Session Start uuid=11f4d741-b277-4624-89fa-35e91b604ba7 op=recv status=started source=/745019 dest=downtest source_prefix=- local=10.2.0.13:57475 peer=1.24.210.10:33001 tcp_port=33001 os="Microsoft Windows 6.2 " ver=3.9.6.177525 lic=48:1:2000 peeros="Linux 3.10.0-1160.11.1.el7.x86_64 #1 SMP" peerver=3.7.4.147133 peerlic=10:1:56723 proto_sess=20003 proto_udp=20000 proto_bwmeas=20000 proto_data=2000e
2021-05-11 16:25:03.560 [538c-0001002c] LOG FASP Session Params uuid=11f4d741-b277-4624-89fa-35e91b604ba7 userid=0 user="user_16_1089_output" targetrate=50000000 minrate=0 rate_policy=fair cipher=none resume=2 create=0 ovr=1 times=0 precalc=no mf=0 mf_path=- mf_suffix=.aspera-inprogress partial_file_suffix=- files_encrypt=no files_decrypt=no file_csum=NONE dgram_sz=0 prepostcmd=- tcp_mode=no rtt_auto=yes cookie="-" vl_proto_ver=1  peer_vl_proto_ver=1 vl_local=0 vlink_remote=0 vl_sess_id=2384 srcbase=- rd_sz=0 wr_sz=0 cluster_num_nodes=1 cluster_node_id=0 cluster_multi_session_threshold=-1 range=0-0 keepalive=no test_login=no proxy_ip=- net_rc_alg=alg_delay exclude_older/newer_than=0/0
2021-05-11 16:25:03.711 [538c-000066a4] LOG Measured pMTU: 1492 Bytes, start_brtt: 34 ms
2021-05-11 16:25:03.711 [538c-000066a4] LOG datagram size 1448B, block size 1408B, path MTU 1492B
2021-05-11 16:25:03.804 [538c-0001002c] LOG FASP Transfer Start uuid=11f4d741-b277-4624-89fa-35e91b604ba7 op=recv status=started file="downtest/EP02_I029_BGBG001_WLM_YS_Nei_Ri_mo_Light_CoBG001_WLM_YS_Nei_Ri_mo_Light_Co.0001.png" size=138080 start_byte=0 rate=50.00Mbps loss=0.00 rexreqs=0 overhead=0 mtime="2021-05-11 14:53:36"
2021-05-11 16:25:03.962 [538c-0001002c] LOG FASP Transfer Start uuid=11f4d741-b277-4624-89fa-35e91b604ba7 op=recv status=started file="downtest/EP02_I029_BGBG001_WLM_YS_Nei_Ri_mo_CoBG001_WLM_YS_Nei_Ri_mo_Co.0035.png" size=3033531 start_byte=0 rate=50.00Mbps loss=0.00 rexreqs=0 overhead=0 mtime="2021-05-11 15:24:58"
2021-05-11 16:25:03.970 [538c-0001002c] LOG FASP Transfer Stop uuid=11f4d741-b277-4624-89fa-35e91b604ba7 op=recv status=success file="downtest/EP02_I029_BGBG001_WLM_YS_Nei_Ri_mo_Light_CoBG001_WLM_YS_Nei_Ri_mo_Light_Co.0001.png" size=138080 start_byte=0 rate=6.59Mbps elapsed=0.17s loss=0.00 rexreqs=0 overhead=1 mtime="2021-05-11 14:53:36"
2021-05-11 16:25:05.192 [538c-0001002c] LOG FASP Transfer Start uuid=11f4d741-b277-4624-89fa-35e91b604ba7 op=recv status=started file="downtest/EP02_I029_BGBG001_WLM_YS_Nei_Ri_mo_Desk_CoBG001_WLM_YS_Nei_Ri_mo_Desk_Co.0012.png" size=138080 start_byte=0 rate=50.00Mbps loss=0.00 rexreqs=0 overhead=0 mtime="2021-05-11 15:02:15"
2021-05-11 16:25:05.204 [538c-0001002c] LOG FASP Transfer Stop uuid=11f4d741-b277-4624-89fa-35e91b604ba7 op=recv status=success file="downtest/EP02_I029_BGBG001_WLM_YS_Nei_Ri_mo_CoBG001_WLM_YS_Nei_Ri_mo_Co.0035.png" size=3033531 start_byte=0 rate=19.50Mbps elapsed=1.24s loss=0.00 rexreqs=0 overhead=0 mtime="2021-05-11 15:24:58"
2021-05-11 16:25:05.228 [538c-0001002c] LOG FASP Transfer Start uuid=11f4d741-b277-4624-89fa-35e91b604ba7 op=recv status=started file="downtest/EP02_I029_BGBG001_WLM_YS_Nei_Ri_mo_Chair_LineBG001_WLM_YS_Nei_Ri_mo_Chair_Line.0019.png" size=138080 start_byte=0 rate=50.00Mbps loss=0.00 rexreqs=0 overhead=0 mtime="2021-05-11 15:10:19"
2021-05-11 16:25:05.241 [538c-0001002c] LOG FASP Transfer Stop uuid=11f4d741-b277-4624-89fa-35e91b604ba7 op=recv status=success file="downtest/EP02_I029_BGBG001_WLM_YS_Nei_Ri_mo_Desk_CoBG001_WLM_YS_Nei_Ri_mo_Desk_Co.0012.png" size=138080 start_byte=0 rate=21.77Mbps elapsed=0.05s loss=0.00 rexreqs=0 overhead=0 mtime="2021-05-11 15:02:15"
2021-05-11 16:25:05.269 [538c-0001002c] LOG FASP Transfer Start uuid=11f4d741-b277-4624-89fa-35e91b604ba7 op=recv status=started file="downtest/EP02_I029_BGBG001_WLM_YS_Nei_Ri_mo_IDBG001_WLM_YS_Nei_Ri_mo_ID.0066.png" size=3478196 start_byte=0 rate=50.00Mbps loss=0.00 rexreqs=0 overhead=0 mtime="2021-05-11 15:36:07"
2021-05-11 16:25:05.277 [538c-0001002c] LOG FASP Transfer Stop uuid=11f4d741-b277-4624-89fa-35e91b604ba7 op=recv status=success file="downtest/EP02_I029_BGBG001_WLM_YS_Nei_Ri_mo_Chair_LineBG001_WLM_YS_Nei_Ri_mo_Chair_Line.0019.png" size=138080 start_byte=0 rate=21.83Mbps elapsed=0.05s loss=0.00 rexreqs=0 overhead=0 mtime="2021-05-11 15:10:19"
2021-05-11 16:25:06.026 [538c-0001002c] LOG FASP Transfer Start uuid=11f4d741-b277-4624-89fa-35e91b604ba7 op=recv status=started file="downtest/EP02_I029_BGBG001_WLM_YS_Nei_Ri_mo_CoBG001_WLM_YS_Nei_Ri_mo_Co.0049.png" size=3033307 start_byte=0 rate=50.00Mbps loss=0.00 rexreqs=0 overhead=0 mtime="2021-05-11 15:30:57"
2021-05-11 16:25:06.035 [538c-0001002c] LOG FASP Transfer Stop uuid=11f4d741-b277-4624-89fa-35e91b604ba7 op=recv status=success file="downtest/EP02_I029_BGBG001_WLM_YS_Nei_Ri_mo_IDBG001_WLM_YS_Nei_Ri_mo_ID.0066.png" size=3478196 start_byte=0 rate=36.28Mbps elapsed=0.77s loss=0.00 rexreqs=0 overhead=0 mtime="2021-05-11 15:36:07"
2021-05-11 16:25:06.548 [538c-0001002c] LOG FASP Transfer Start uuid=11f4d741-b277-4624-89fa-35e91b604ba7 op=recv status=started file="downtest/EP02_I029_BGBG001_WLM_YS_Nei_Ri_mo_Chair_CoBG001_WLM_YS_Nei_Ri_mo_Chair_Co.0043.png" size=138080 start_byte=0 rate=50.00Mbps loss=0.00 rexreqs=0 overhead=0 mtime="2021-05-11 15:32:39"
2021-05-11 16:25:06.558 [538c-0001002c] LOG FASP Transfer Stop uuid=11f4d741-b277-4624-89fa-35e91b604ba7 op=recv status=success file="downtest/EP02_I029_BGBG001_WLM_YS_Nei_Ri_mo_CoBG001_WLM_YS_Nei_Ri_mo_Co.0049.png" size=3033307 start_byte=0 rate=45.37Mbps elapsed=0.53s loss=0.00 rexreqs=0 overhead=0 mtime="2021-05-11 15:30:57"
2021-05-11 16:25:06.568 [538c-0001002c] LOG FASP Transfer Start uuid=11f4d741-b277-4624-89fa-35e91b604ba7 op=recv status=started file="downtest/EP02_I029_BGBG001_WLM_YS_Nei_Ri_mo_Table_LineBG001_WLM_YS_Nei_Ri_mo_Table_Line.0010.png" size=138080 start_byte=0 rate=50.00Mbps loss=0.00 rexreqs=0 overhead=0 mtime="2021-05-11 15:00:49"
2021-05-11 16:25:06.578 [538c-0001002c] LOG FASP Transfer Stop uuid=11f4d741-b277-4624-89fa-35e91b604ba7 op=recv status=success file="downtest/EP02_I029_BGBG001_WLM_YS_Nei_Ri_mo_Chair_CoBG001_WLM_YS_Nei_Ri_mo_Chair_Co.0043.png" size=138080 start_byte=0 rate=36.22Mbps elapsed=0.03s loss=0.00 rexreqs=0 overhead=0 mtime="2021-05-11 15:32:39"
2021-05-11 16:25:06.592 [538c-0001002c] LOG FASP Transfer Start uuid=11f4d741-b277-4624-89fa-35e91b604ba7 op=recv status=started file="downtest/EP02_I029_BGBG001_WLM_YS_Nei_Ri_mo_Chair_CoBG001_WLM_YS_Nei_Ri_mo_Chair_Co.0092.png" size=138080 start_byte=0 rate=50.00Mbps loss=0.00 rexreqs=0 overhead=0 mtime="2021-05-11 15:44:07"
2021-05-11 16:25:06.599 [538c-0001002c] LOG FASP Transfer Stop uuid=11f4d741-b277-4624-89fa-35e91b604ba7 op=recv status=success file="downtest/EP02_I029_BGBG001_WLM_YS_Nei_Ri_mo_Table_LineBG001_WLM_YS_Nei_Ri_mo_Table_Line.0010.png" size=138080 start_byte=0 rate=35.40Mbps elapsed=0.03s loss=0.00 rexreqs=0 overhead=0 mtime="2021-05-11 15:00:49"
2021-05-11 16:25:06.618 [538c-0001002c] LOG FASP Transfer Start uuid=11f4d741-b277-4624-89fa-35e91b604ba7 op=recv status=started file="downtest/EP02_I029_BGBG001_WLM_YS_Nei_Ri_mo_Table_CoBG001_WLM_YS_Nei_Ri_mo_Table_Co.0007.png" size=138080 start_byte=0 rate=50.00Mbps loss=0.00 rexreqs=0 overhead=0 mtime="2021-05-11 14:58:27"
2021-05-11 16:25:06.646 [538c-0001002c] LOG FASP Transfer Stop uuid=11f4d741-b277-4624-89fa-35e91b604ba7 op=recv status=success file="downtest/EP02_I029_BGBG001_WLM_YS_Nei_Ri_mo_Chair_CoBG001_WLM_YS_Nei_Ri_mo_Chair_Co.0092.png" size=138080 start_byte=0 rate=20.35Mbps elapsed=0.05s loss=0.00 rexreqs=0 overhead=0 mtime="2021-05-11 15:44:07"
2021-05-11 16:25:06.648 [538c-0001002c] LOG FASP Transfer Start uuid=11f4d741-b277-4624-89fa-35e91b604ba7 op=recv status=started file="downtest/EP02_I029_BGBG001_WLM_YS_Nei_Ri_mo_Chair_LineBG001_WLM_YS_Nei_Ri_mo_Chair_Line.0065.png" size=138080 start_byte=0 rate=50.00Mbps loss=0.00 rexreqs=0 overhead=0 mtime="2021-05-11 15:37:35"
2021-05-11 16:25:06.656 [538c-0001002c] LOG FASP Transfer Stop uuid=11f4d741-b277-4624-89fa-35e91b604ba7 op=recv status=success file="downtest/EP02_I029_BGBG001_WLM_YS_Nei_Ri_mo_Table_CoBG001_WLM_YS_Nei_Ri_mo_Table_Co.0007.png" size=138080 start_byte=0 rate=27.95Mbps elapsed=0.04s loss=0.00 rexreqs=0 overhead=0 mtime="2021-05-11 14:58:27"
2021-05-11 16:25:06.662 [538c-0001002c] LOG FASP Transfer Start uuid=11f4d741-b277-4624-89fa-35e91b604ba7 op=recv status=started file="downtest/EP02_I029_BGBG001_WLM_YS_Nei_Ri_mo_Desk_LineBG001_WLM_YS_Nei_Ri_mo_Desk_Line.0026.png" size=138080 start_byte=0 rate=50.00Mbps loss=0.00 rexreqs=0 overhead=0 mtime="2021-05-11 15:16:53"
2021-05-11 16:25:06.670 [538c-0001002c] LOG FASP Transfer Stop uuid=11f4d741-b277-4624-89fa-35e91b604ba7 op=recv status=success file="downtest/EP02_I029_BGBG001_WLM_YS_Nei_Ri_mo_Chair_LineBG001_WLM_YS_Nei_Ri_mo_Chair_Line.0065.png" size=138080 start_byte=0 rate=36.76Mbps elapsed=0.03s loss=0.00 rexreqs=0 overhead=0 mtime="2021-05-11 15:37:35"
2021-05-11 16:25:06.686 [538c-0001002c] LOG FASP Transfer Start uuid=11f4d741-b277-4624-89fa-35e91b604ba7 op=recv status=started file="downtest/EP02_I029_BGBG001_WLM_YS_Nei_Ri_mo_ZBG001_WLM_YS_Nei_Ri_mo_Z.0053.png" size=2064115 start_byte=0 rate=50.00Mbps loss=0.00 rexreqs=0 overhead=0 mtime="2021-05-11 15:33:16"
2021-05-11 16:25:06.693 [538c-0001002c] LOG FASP Transfer Stop uuid=11f4d741-b277-4624-89fa-35e91b604ba7 op=recv status=success file="downtest/EP02_I029_BGBG001_WLM_YS_Nei_Ri_mo_Desk_LineBG001_WLM_YS_Nei_Ri_mo_Desk_Line.0026.png" size=138080 start_byte=0 rate=32.50Mbps elapsed=0.03s loss=0.00 rexreqs=0 overhead=0 mtime="2021-05-11 15:16:53"
2021-05-11 16:25:07.025 [538c-0001002c] LOG FASP Transfer Start uuid=11f4d741-b277-4624-89fa-35e91b604ba7 op=recv status=started file="downtest/EP02_I029_BGBG001_WLM_YS_Nei_Ri_mo_ZBG001_WLM_YS_Nei_Ri_mo_Z.0082.png" size=2066004 start_byte=0 rate=50.00Mbps loss=0.00 rexreqs=0 overhead=0 mtime="2021-05-11 15:42:35"
2021-05-11 16:25:07.033 [538c-0001002c] LOG FASP Transfer Stop uuid=11f4d741-b277-4624-89fa-35e91b604ba7 op=recv status=success file="downtest/EP02_I029_BGBG001_WLM_YS_Nei_Ri_mo_ZBG001_WLM_YS_Nei_Ri_mo_Z.0053.png" size=2064115 start_byte=0 rate=47.25Mbps elapsed=0.35s loss=0.00 rexreqs=0 overhead=0 mtime="2021-05-11 15:33:16"
2021-05-11 16:25:07.367 [538c-0001002c] LOG FASP Transfer Start uuid=11f4d741-b277-4624-89fa-35e91b604ba7 op=recv status=started file="downtest/EP02_I029_BGBG001_WLM_YS_Nei_Ri_mo_Table_LineBG001_WLM_YS_Nei_Ri_mo_Table_Line.0017.png" size=138080 start_byte=0 rate=50.00Mbps loss=0.00 rexreqs=0 overhead=0 mtime="2021-05-11 15:08:10"
2021-05-11 16:25:07.376 [538c-0001002c] LOG FASP Transfer Stop uuid=11f4d741-b277-4624-89fa-35e91b604ba7 op=recv status=success file="downtest/EP02_I029_BGBG001_WLM_YS_Nei_Ri_mo_ZBG001_WLM_YS_Nei_Ri_mo_Z.0082.png" size=2066004 start_byte=0 rate=46.96Mbps elapsed=0.35s loss=0.00 rexreqs=0 overhead=0 mtime="2021-05-11 15:42:35"
2021-05-11 16:25:07.388 [538c-0001002c] LOG FASP Transfer Start uuid=11f4d741-b277-4624-89fa-35e91b604ba7 op=recv status=started file="downtest/EP02_I029_BGBG001_WLM_YS_Nei_Ri_mo_Chair_CoBG001_WLM_YS_Nei_Ri_mo_Chair_Co.0044.png" size=138080 start_byte=0 rate=50.00Mbps loss=0.00 rexreqs=0 overhead=0 mtime="2021-05-11 15:32:37"
2021-05-11 16:25:07.398 [538c-0001002c] LOG FASP Transfer Stop uuid=11f4d741-b277-4624-89fa-35e91b604ba7 op=recv status=success file="downtest/EP02_I029_BGBG001_WLM_YS_Nei_Ri_mo_Table_LineBG001_WLM_YS_Nei_Ri_mo_Table_Line.0017.png" size=138080 start_byte=0 rate=33.04Mbps elapsed=0.03s loss=0.00 rexreqs=0 overhead=0 mtime="2021-05-11 15:08:10"
2021-05-11 16:25:07.412 [538c-0001002c] LOG FASP Transfer Start uuid=11f4d741-b277-4624-89fa-35e91b604ba7 op=recv status=started file="downtest/EP02_I029_BGBG001_WLM_YS_Nei_Ri_mo_Chair_CoBG001_WLM_YS_Nei_Ri_mo_Chair_Co.0095.png" size=138080 start_byte=0 rate=50.00Mbps loss=0.00 rexreqs=0 overhead=0 mtime="2021-05-11 15:45:09"
2021-05-11 16:25:07.418 [538c-0001002c] LOG FASP Transfer Stop uuid=11f4d741-b277-4624-89fa-35e91b604ba7 op=recv status=success file="downtest/EP02_I029_BGBG001_WLM_YS_Nei_Ri_mo_Chair_CoBG001_WLM_YS_Nei_Ri_mo_Chair_Co.0044.png" size=138080 start_byte=0 rate=34.75Mbps elapsed=0.03s loss=0.00 rexreqs=0 overhead=0 mtime="2021-05-11 15:32:37"
2021-05-11 16:25:07.436 [538c-0001002c] LOG FASP Transfer Start uuid=11f4d741-b277-4624-89fa-35e91b604ba7 op=recv status=started file="downtest/EP02_I029_BGBG001_WLM_YS_Nei_Ri_mo_Desk_CoBG001_WLM_YS_Nei_Ri_mo_Desk_Co.0069.png" size=138080 start_byte=0 rate=50.00Mbps loss=0.00 rexreqs=0 overhead=0 mtime="2021-05-11 15:36:54"
2021-05-11 16:25:07.443 [538c-0001002c] LOG FASP Transfer Stop uuid=11f4d741-b277-4624-89fa-35e91b604ba7 op=recv status=success file="downtest/EP02_I029_BGBG001_WLM_YS_Nei_Ri_mo_Chair_CoBG001_WLM_YS_Nei_Ri_mo_Chair_Co.0095.png" size=138080 start_byte=0 rate=32.26Mbps elapsed=0.03s loss=0.00 rexreqs=0 overhead=0 mtime="2021-05-11 15:45:09"
2021-05-11 16:25:07.460 [538c-0001002c] LOG FASP Transfer Start uuid=11f4d741-b277-4624-89fa-35e91b604ba7 op=recv status=started file="downtest/EP02_I029_BGBG001_WLM_YS_Nei_Ri_mo_Chair_LineBG001_WLM_YS_Nei_Ri_mo_Chair_Line.0062.png" size=138080 start_byte=0 rate=50.00Mbps loss=0.00 rexreqs=0 overhead=0 mtime="2021-05-11 15:37:35"
2021-05-11 16:25:07.465 [538c-0001002c] LOG FASP Transfer Stop uuid=11f4d741-b277-4624-89fa-35e91b604ba7 op=recv status=success file="downtest/EP02_I029_BGBG001_WLM_YS_Nei_Ri_mo_Desk_CoBG001_WLM_YS_Nei_Ri_mo_Desk_Co.0069.png" size=138080 start_byte=0 rate=34.52Mbps elapsed=0.03s loss=0.00 rexreqs=0 overhead=0 mtime="2021-05-11 15:36:54"
2021-05-11 16:25:07.479 [538c-0001002c] LOG FASP Transfer Start uuid=11f4d741-b277-4624-89fa-35e91b604ba7 op=recv status=started file="downtest/EP02_I029_BGBG001_WLM_YS_Nei_Ri_mo_ZBG001_WLM_YS_Nei_Ri_mo_Z.0054.png" size=2070960 start_byte=0 rate=50.00Mbps loss=0.00 rexreqs=0 overhead=0 mtime="2021-05-11 15:33:30"
2021-05-11 16:25:07.482 [538c-00010130] ERR User aborted session
2021-05-11 16:25:07.483 [538c-0001002c] LOG Receiver bl t/o/r/d/ts/c/h=11110/11107/2/1/7833/10628/11109 rex_rtt l/h/s/o=38/39/35/47 ooo_rtt l/h/s/o=32/33/33/39 rate_rtt b/l/h/s/r/f=31/31/146/35/0/1 ctl bm/bs=0/0 rex n/s/q/v/a/r=0/2/2/4/0/0 bl l/d/o/r/a/x/dl/df/dm/ds=5/1/4/0/0/1/0/0/0/0 disk l/h/b=0/1/0 vlink lq/lo/rq/ro=0/0/0/0 rate t/m/c/n/vl/vr/r=50000000/0/50000000/50000000/50000000/50000000/50000000 prog t/f/e=15618129/15618129/3752462 rcvD=18
2021-05-11 16:25:07.483 [538c-0001002c] LOG Receiver DS Qs ds/n/rq/ao/ap/rd/ru/no/po/pc/do/tv/sv=165/0/5/0/5/128/32/0/0/0/0/0/0 Rs i/o=183/178 mgmt backlog i/s/n =
2021-05-11 16:25:07.483 [538c-00010130] ERR LOCAL ABORT: Shutting down sink/receiver, abort reason FASP_ABORT_LOCAL
2021-05-11 16:25:07.483 [538c-00010130] ERR sink_send_abort: sent sesserr_pdu reason 3 (total len 0)
2021-05-11 16:25:07.483 [538c-00010130] LOG Session notification: type=19 len=28 reason=3 (FASP_ABORT_LOCAL)
2021-05-11 16:25:07.908 [538c-000066a4] ERR FASP receiver had error, errcode 68 errstr [User aborted session]
2021-05-11 16:25:07.908 [538c-000066a4] ERR Peer FASP sender had error, errcode 19 errstr [User aborted session (client)]
2021-05-11 16:25:07.928 [538c-0001002c] LOG FASP Session Stop uuid=11f4d741-b277-4624-89fa-35e91b604ba7 op=recv status=failed errcode=68 errstr="User aborted session" source=/745019 dest=downtest source_prefix=- local=10.2.0.13:57475 peer=1.24.210.10:33001 tcp_port=33001 os="Microsoft Windows 6.2 " ver=3.9.6.177525 lic=48:1:2000 peeros="Linux 3.10.0-1160.11.1.el7.x86_64 #1 SMP" peerver=3.7.4.147133 peerlic=10:1:56723 proto_sess=20003 proto_udp=20000 proto_bwmeas=20000 proto_data=2000e
2021-05-11 16:25:07.928 [538c-0001002c] LOG FASP Session Params uuid=11f4d741-b277-4624-89fa-35e91b604ba7 userid=0 user="user_16_1089_output" targetrate=50000000 minrate=0 rate_policy=fair cipher=none resume=2 create=0 ovr=1 times=0 precalc=no mf=0 mf_path=- mf_suffix=.aspera-inprogress partial_file_suffix= files_encrypt=no files_decrypt=no file_csum=NONE dgram_sz=0 prepostcmd=- tcp_mode=no rtt_auto=yes cookie="-" vl_proto_ver=1  peer_vl_proto_ver=1 vl_local=0 vlink_remote=0 vl_sess_id=2384 srcbase=- rd_sz=0 wr_sz=0 cluster_num_nodes=1 cluster_node_id=0 cluster_multi_session_threshold=-1 range=0-0 keepalive=no test_login=no proxy_ip=- net_rc_alg=alg_delay exclude_older/newer_than=0/0
2021-05-11 16:25:07.928 [538c-0001002c] LOG FASP Session Statistics [Receiver] id=11f4d741-b277-4624-89fa-35e91b604ba7 delay=36ms rex_delay=47ms ooo_delay=39ms solicited_rex=0.02% rcvd_rex=0.02% rcvd_dups=0.01% ave_xmit_rate 38.90Mbps effective=88.31% effective_rate=34.35Mbps (detail: good_blks 11108 bl_total 11110 bl_orig 11107 bl_rex 2 dup_blks 1 dup_last_blks 0 drop_blks_xnf 1) (sndr ctl: sent 23 rcvd 21 lost 2 lost 8.70%) (rcvr ctl: sent 143 rcvd 143 lost 0 lost 0.00%) (rex  ctl: sent 2 rcvd 2 lost 0 lost 0.00%) (progress: tx_bytes 15618129 file_bytes 15618129 tx_time 3752462) rex_xmit_blks 2  xmit_total 12579 rex_xmit_pct 0.02%
2021-05-11 16:25:08.021 [538c-000066a4] LOG ======= File Transfer statistics =======
2021-05-11 16:25:08.021 [538c-000066a4] LOG ------- Source statistics -------
2021-05-11 16:25:08.021 [538c-000066a4] LOG Source argument scans attempted             :          1
2021-05-11 16:25:08.021 [538c-000066a4] LOG - Source argument scans completed           :          0
2021-05-11 16:25:08.021 [538c-000066a4] LOG Source path scans attempted                 :        197
2021-05-11 16:25:08.021 [538c-000066a4] LOG - Source path scans failed                  :          0
2021-05-11 16:25:08.021 [538c-000066a4] LOG - Source path scans skipped since irregular :          0
2021-05-11 16:25:08.021 [538c-000066a4] LOG - Source path scans excluded                :          0
2021-05-11 16:25:08.021 [538c-000066a4] LOG - Source directory scans completed          :          0
2021-05-11 16:25:08.021 [538c-000066a4] LOG - Source file scans completed               :        196
2021-05-11 16:25:08.021 [538c-000066a4] LOG Source directory creates attempted          :          0
2021-05-11 16:25:08.021 [538c-000066a4] LOG - Source directory creates failed           :          0
2021-05-11 16:25:08.021 [538c-000066a4] LOG - Source directory created or existed       :          1
2021-05-11 16:25:08.021 [538c-000066a4] LOG Source file transfers attempted             :        196
2021-05-11 16:25:08.021 [538c-000066a4] LOG - Source file transfers failed              :        178 !
2021-05-11 16:25:08.021 [538c-000066a4] LOG - Source file transfers passed              :         18
2021-05-11 16:25:08.021 [538c-000066a4] LOG - Source file transfers skipped             :          0
2021-05-11 16:25:08.021 [538c-000066a4] LOG Source bytes transferred                    :   15470193
2021-05-11 16:25:08.021 [538c-000066a4] LOG ======= end File Transfer statistics =======
2021-05-12 09:19:24.455 [a0fc-00010d08] LOG Configuration: using v2 configuration file "C:/Users/work/PycharmProjects/RGClient/backend/plugins/fasp/ascp/etc/aspera.conf", user -
2021-05-12 09:19:24.457 [a0fc-00010d08] LOG Initializing FASP version 3.9.6.177525, license max rate=(unlimited), account no.=1, license no.=2000 product=48
2021-05-12 09:19:24.457 [a0fc-00010d08] LOG Configured symlink actions: create=0, follow=1, follow_wide=0, skip=0
2021-05-12 09:19:24.458 [a0fc-00010d08] LOG Product version information not found.

2021-05-12 09:19:24.458 [a0fc-00010d08] LOG SSL locking callback already set elsewhere.  Skipping
2021-05-12 09:19:24.553 [a0fc-00010d08] LOG (access key) Not present
2021-05-12 09:19:24.731 [a0fc-00010d08] ERR Source file list not specified
Last message repeated 1 times
2021-05-12 09:19:24.736 [a0fc-10ca4] LOG FASP Session Start uuid=12516a09-7aab-4c47-8342-063367a20e1c op=recv status=failed errcode=62 errstr="Source file list not specified" source= dest=.7188939./download source_prefix=- local=0.0.0.0:33001 peer=111.76.126.39:33001 tcp_port=33001 os="Microsoft Windows 6.2 " ver=3.9.6.177525 lic=48:1:2000 peeros="-" peerver=- peerlic=0:0:0 proto_sess=20003 proto_udp=20000 proto_bwmeas=20000 proto_data=2000e
2021-05-12 09:19:24.736 [a0fc-00010ca4] LOG FASP Session Params uuid=12516a09-7aab-4c47-8342-063367a20e1c userid=0 user="user_11_2352_output" targetrate=1000000000 minrate=0 rate_policy=fair cipher=none resume=2 create=0 ovr=1 times=0 precalc=no mf=0 mf_path=- mf_suffix=.aspera-inprogress partial_file_suffix=- files_encrypt=no files_decrypt=no file_csum=NONE dgram_sz=0 prepostcmd=- tcp_mode=no rtt_auto=yes cookie="-" vl_proto_ver=1  peer_vl_proto_ver=0 vl_local=0 vlink_remote=0 vl_sess_id=0 srcbase=- rd_sz=0 wr_sz=0 cluster_num_nodes=1 cluster_node_id=0 cluster_multi_session_threshold=-1 range=0-0 keepalive=no test_login=no proxy_ip=- net_rc_alg=alg_delay exclude_older/newer_than=0/0
2021-05-12 09:19:24.736 [a0fc-00010ca4] LOG FASP Session Stop uuid=12516a09-7aab-4c47-8342-063367a20e1c op=recv status=failed errcode=62 errstr="Source file list not specified" source= dest=.7188939./download source_prefix=- local=0.0.0.0:33001 peer=111.76.126.39:33001 tcp_port=33001 os="Microsoft Windows 6.2 " ver=3.9.6.177525 lic=48:1:2000 peeros="-" peerver=- peerlic=0:0:0 proto_sess=20003 proto_udp=20000 proto_bwmeas=20000 proto_data=2000e
2021-05-12 09:19:24.736 [a0fc-00010ca4] LOG FASP Session Params uuid=12516a09-7aab-4c47-8342-063367a20e1c userid=0 user="user_11_2352_output" targetrate=1000000000 minrate=0 rate_policy=fair cipher=none resume=2 create=0 ovr=1 times=0 precalc=no mf=0 mf_path=- mf_suffix=.aspera-inprogress partial_file_suffix=- files_encrypt=no files_decrypt=no file_csum=NONE dgram_sz=0 prepostcmd=- tcp_mode=no rtt_auto=yes cookie="-" vl_proto_ver=1  peer_vl_proto_ver=0 vl_local=0 vlink_remote=0 vl_sess_id=0 srcbase=- rd_sz=0 wr_sz=0 cluster_num_nodes=1 cluster_node_id=0 cluster_multi_session_threshold=-1 range=0-0 keepalive=no test_login=no proxy_ip=- net_rc_alg=alg_delay exclude_older/newer_than=0/0
2021-05-12 09:19:24.736 [a0fc-00010ca4] LOG FASP Session Statistics [Receiver] id=12516a09-7aab-4c47-8342-063367a20e1c delay=0ms rex_delay=0ms ooo_delay=0ms solicited_rex=0.00% rcvd_rex=0.00% rcvd_dups=0.00% ave_xmit_rate 0.00Kbps effective=0.00% effective_rate=0.00Kbps (detail: good_blks 0 bl_total 0 bl_orig 0 bl_rex 0 dup_blks 0 dup_last_blks 0 drop_blks_xnf 0) (sndr ctl: sent 0 rcvd 0 lost 0 lost 0.00%) (rcvr ctl: sent 0 rcvd 0 lost 0 lost 0.00%) (rex  ctl: sent 0 rcvd 0 lost 0 lost 0.00%) (progress: tx_bytes 0 file_bytes 0 tx_time 0) rex_xmit_blks 0  xmit_total 0 rex_xmit_pct 0.00%
2021-05-12 09:19:46.611 [10ab4-0000ddd8] LOG Configuration: using v2 configuration file "C:/Users/work/PycharmProjects/RGClient/backend/plugins/fasp/ascp/etc/aspera.conf", user -
2021-05-12 09:19:46.612 [10ab4-0000ddd8] LOG Initializing FASP version 3.9.6.177525, license max rate=(unlimited), account no.=1, license no.=2000 product=48
2021-05-12 09:19:46.612 [10ab4-0000ddd8] LOG Configured symlink actions: create=0, follow=1, follow_wide=0, skip=0
2021-05-12 09:19:46.612 [10ab4-0000ddd8] LOG Product version information not found.

2021-05-12 09:19:46.612 [10ab4-0000ddd8] LOG SSL locking callback already set elsewhere.  Skipping
2021-05-12 09:19:46.634 [10ab4-0000ddd8] LOG (access key) Not present
2021-05-12 09:19:46.839 [10ab4-0000ddd8] ERR Source file list not specified
Last message repeated 1 times
2021-05-12 09:19:46.846 [10ab4-10d10] LOG FASP Session Start uuid=aab9b9c8-0087-4361-b928-f8c637049330 op=recv status=failed errcode=62 errstr="Source file list not specified" source= dest=.718939./download source_prefix=- local=0.0.0.0:33001 peer=111.76.126.39:33001 tcp_port=33001 os="Microsoft Windows 6.2 " ver=3.9.6.177525 lic=48:1:2000 peeros="-" peerver=- peerlic=0:0:0 proto_sess=20003 proto_udp=20000 proto_bwmeas=20000 proto_data=2000e
2021-05-12 09:19:46.846 [10ab4-00010d10] LOG FASP Session Params uuid=aab9b9c8-0087-4361-b928-f8c637049330 userid=0 user="user_11_2352_output" targetrate=1000000000 minrate=0 rate_policy=fair cipher=none resume=2 create=0 ovr=1 times=0 precalc=no mf=0 mf_path=- mf_suffix=.aspera-inprogress partial_file_suffix=- files_encrypt=no files_decrypt=no file_csum=NONE dgram_sz=0 prepostcmd=- tcp_mode=no rtt_auto=yes cookie="-" vl_proto_ver=1  peer_vl_proto_ver=0 vl_local=0 vlink_remote=0 vl_sess_id=0 srcbase=- rd_sz=0 wr_sz=0 cluster_num_nodes=1 cluster_node_id=0 cluster_multi_session_threshold=-1 range=0-0 keepalive=no test_login=no proxy_ip=- net_rc_alg=alg_delay exclude_older/newer_than=0/0
2021-05-12 09:19:46.846 [10ab4-00010d10] LOG FASP Session Stop uuid=aab9b9c8-0087-4361-b928-f8c637049330 op=recv status=failed errcode=62 errstr="Source file list not specified" source= dest=.718939./download source_prefix=- local=0.0.0.0:33001 peer=111.76.126.39:33001 tcp_port=33001 os="Microsoft Windows 6.2 " ver=3.9.6.177525 lic=48:1:2000 peeros="-" peerver=- peerlic=0:0:0 proto_sess=20003 proto_udp=20000 proto_bwmeas=20000 proto_data=2000e
2021-05-12 09:19:46.846 [10ab4-00010d10] LOG FASP Session Params uuid=aab9b9c8-0087-4361-b928-f8c637049330 userid=0 user="user_11_2352_output" targetrate=1000000000 minrate=0 rate_policy=fair cipher=none resume=2 create=0 ovr=1 times=0 precalc=no mf=0 mf_path=- mf_suffix=.aspera-inprogress partial_file_suffix=- files_encrypt=no files_decrypt=no file_csum=NONE dgram_sz=0 prepostcmd=- tcp_mode=no rtt_auto=yes cookie="-" vl_proto_ver=1  peer_vl_proto_ver=0 vl_local=0 vlink_remote=0 vl_sess_id=0 srcbase=- rd_sz=0 wr_sz=0 cluster_num_nodes=1 cluster_node_id=0 cluster_multi_session_threshold=-1 range=0-0 keepalive=no test_login=no proxy_ip=- net_rc_alg=alg_delay exclude_older/newer_than=0/0
2021-05-12 09:19:46.846 [10ab4-00010d10] LOG FASP Session Statistics [Receiver] id=aab9b9c8-0087-4361-b928-f8c637049330 delay=0ms rex_delay=0ms ooo_delay=0ms solicited_rex=0.00% rcvd_rex=0.00% rcvd_dups=0.00% ave_xmit_rate 0.00Kbps effective=0.00% effective_rate=0.00Kbps (detail: good_blks 0 bl_total 0 bl_orig 0 bl_rex 0 dup_blks 0 dup_last_blks 0 drop_blks_xnf 0) (sndr ctl: sent 0 rcvd 0 lost 0 lost 0.00%) (rcvr ctl: sent 0 rcvd 0 lost 0 lost 0.00%) (rex  ctl: sent 0 rcvd 0 lost 0 lost 0.00%) (progress: tx_bytes 0 file_bytes 0 tx_time 0) rex_xmit_blks 0  xmit_total 0 rex_xmit_pct 0.00%
2021-05-12 09:19:54.930 [fa64-0001059c] LOG Configuration: using v2 configuration file "C:/Users/work/PycharmProjects/RGClient/backend/plugins/fasp/ascp/etc/aspera.conf", user -
2021-05-12 09:19:54.931 [fa64-0001059c] LOG Initializing FASP version 3.9.6.177525, license max rate=(unlimited), account no.=1, license no.=2000 product=48
2021-05-12 09:19:54.931 [fa64-0001059c] LOG Configured symlink actions: create=0, follow=1, follow_wide=0, skip=0
2021-05-12 09:19:54.931 [fa64-0001059c] LOG Product version information not found.

2021-05-12 09:19:54.931 [fa64-0001059c] LOG SSL locking callback already set elsewhere.  Skipping
2021-05-12 09:19:54.952 [fa64-0001059c] LOG (access key) Not present
2021-05-12 09:19:55.149 [fa64-0001059c] ERR Source file list not specified
Last message repeated 1 times
2021-05-12 09:19:55.153 [fa64-10f90] LOG FASP Session Start uuid=271d3498-418b-47ae-a5d3-de7faef3c337 op=recv status=failed errcode=62 errstr="Source file list not specified" source= dest=/718939./download source_prefix=- local=0.0.0.0:33001 peer=111.76.126.39:33001 tcp_port=33001 os="Microsoft Windows 6.2 " ver=3.9.6.177525 lic=48:1:2000 peeros="-" peerver=- peerlic=0:0:0 proto_sess=20003 proto_udp=20000 proto_bwmeas=20000 proto_data=2000e
2021-05-12 09:19:55.153 [fa64-00010f90] LOG FASP Session Params uuid=271d3498-418b-47ae-a5d3-de7faef3c337 userid=0 user="user_11_2352_output" targetrate=1000000000 minrate=0 rate_policy=fair cipher=none resume=2 create=0 ovr=1 times=0 precalc=no mf=0 mf_path=- mf_suffix=.aspera-inprogress partial_file_suffix=- files_encrypt=no files_decrypt=no file_csum=NONE dgram_sz=0 prepostcmd=- tcp_mode=no rtt_auto=yes cookie="-" vl_proto_ver=1  peer_vl_proto_ver=0 vl_local=0 vlink_remote=0 vl_sess_id=0 srcbase=- rd_sz=0 wr_sz=0 cluster_num_nodes=1 cluster_node_id=0 cluster_multi_session_threshold=-1 range=0-0 keepalive=no test_login=no proxy_ip=- net_rc_alg=alg_delay exclude_older/newer_than=0/0
2021-05-12 09:19:55.153 [fa64-00010f90] LOG FASP Session Stop uuid=271d3498-418b-47ae-a5d3-de7faef3c337 op=recv status=failed errcode=62 errstr="Source file list not specified" source= dest=/718939./download source_prefix=- local=0.0.0.0:33001 peer=111.76.126.39:33001 tcp_port=33001 os="Microsoft Windows 6.2 " ver=3.9.6.177525 lic=48:1:2000 peeros="-" peerver=- peerlic=0:0:0 proto_sess=20003 proto_udp=20000 proto_bwmeas=20000 proto_data=2000e
2021-05-12 09:19:55.153 [fa64-00010f90] LOG FASP Session Params uuid=271d3498-418b-47ae-a5d3-de7faef3c337 userid=0 user="user_11_2352_output" targetrate=1000000000 minrate=0 rate_policy=fair cipher=none resume=2 create=0 ovr=1 times=0 precalc=no mf=0 mf_path=- mf_suffix=.aspera-inprogress partial_file_suffix=- files_encrypt=no files_decrypt=no file_csum=NONE dgram_sz=0 prepostcmd=- tcp_mode=no rtt_auto=yes cookie="-" vl_proto_ver=1  peer_vl_proto_ver=0 vl_local=0 vlink_remote=0 vl_sess_id=0 srcbase=- rd_sz=0 wr_sz=0 cluster_num_nodes=1 cluster_node_id=0 cluster_multi_session_threshold=-1 range=0-0 keepalive=no test_login=no proxy_ip=- net_rc_alg=alg_delay exclude_older/newer_than=0/0
2021-05-12 09:19:55.153 [fa64-00010f90] LOG FASP Session Statistics [Receiver] id=271d3498-418b-47ae-a5d3-de7faef3c337 delay=0ms rex_delay=0ms ooo_delay=0ms solicited_rex=0.00% rcvd_rex=0.00% rcvd_dups=0.00% ave_xmit_rate 0.00Kbps effective=0.00% effective_rate=0.00Kbps (detail: good_blks 0 bl_total 0 bl_orig 0 bl_rex 0 dup_blks 0 dup_last_blks 0 drop_blks_xnf 0) (sndr ctl: sent 0 rcvd 0 lost 0 lost 0.00%) (rcvr ctl: sent 0 rcvd 0 lost 0 lost 0.00%) (rex  ctl: sent 0 rcvd 0 lost 0 lost 0.00%) (progress: tx_bytes 0 file_bytes 0 tx_time 0) rex_xmit_blks 0  xmit_total 0 rex_xmit_pct 0.00%
2021-05-12 09:20:10.091 [10b04-00010db8] LOG Configuration: using v2 configuration file "C:/Users/work/PycharmProjects/RGClient/backend/plugins/fasp/ascp/etc/aspera.conf", user -
2021-05-12 09:20:10.092 [10b04-00010db8] LOG Initializing FASP version 3.9.6.177525, license max rate=(unlimited), account no.=1, license no.=2000 product=48
2021-05-12 09:20:10.092 [10b04-00010db8] LOG Configured symlink actions: create=0, follow=1, follow_wide=0, skip=0
2021-05-12 09:20:10.092 [10b04-00010db8] LOG Product version information not found.

2021-05-12 09:20:10.092 [10b04-00010db8] LOG SSL locking callback already set elsewhere.  Skipping
2021-05-12 09:20:10.113 [10b04-00010db8] LOG (access key) Not present
2021-05-12 09:20:10.609 [10b04-00010db8] LOG [asssh] remote host-key fingerprint 7e4647f5483778867529a76381f24c93e95db73f
2021-05-12 09:20:15.839 [10b04-00010db8] LOG [asssh] authentication succeeded, proceeding.
2021-05-12 09:20:16.478 [10b04-00010db8] LOG AUTH [CLIENT] op=receive auth_method=client_full_access sess_auth=pass sess_root=unset access_key=NONE remote_user=user_11_2352_output remote_host=gpu.renderg.com system_user=work token=- storage=(no docroot)
2021-05-12 09:20:16.533 [10b04-00010db8] LOG Xattrs-preserving modes for starters: --preserve-xattrs=none, --remote-preserve-xattrs=none; --preserve-acls=none, --remote-preserve-acls=none
2021-05-12 09:20:16.534 [10b04-00010db8] ERR FASP Session Peer Error id=04a3e016-3fc7-4cb5-9135-e81b6c1d32b1 (error 63, No such file or directory)
2021-05-12 09:20:16.534 [10b04-00010db8] ERR Server aborted session: No such file or directory
2021-05-12 09:20:16.534 [10b04-00010db8] ERR Session initialization failure: Server aborted session: No such file or directory (63)
2021-05-12 09:20:16.534 [10b04-00010db8] ERR FASP receiver had error, errcode 63 errstr [Server aborted session: No such file or directory]
2021-05-12 09:20:16.534 [10b04-00010db8] ERR Peer FASP sender had error, errcode 63 errstr [No such file or directory]
2021-05-12 09:20:16.534 [10b04-0000fd20] LOG FASP Session Start uuid=04a3e016-3fc7-4cb5-9135-e81b6c1d32b1 op=recv status=failed errcode=63 errstr="Source path stat failed" source=/71893 dest=download source_prefix=- local=192.168.1.10:55388 peer=111.76.126.39:33001 tcp_port=33001 os="Microsoft Windows 6.2 " ver=3.9.6.177525 lic=48:1:2000 peeros="Linux 3.10.0-1160.15.2.el7.x86_64 #1 SMP" peerver=3.7.4.147133 peerlic=10:1:56723 proto_sess=20003 proto_udp=20000 proto_bwmeas=20000 proto_data=2000e
2021-05-12 09:20:16.534 [10b04-0000fd20] LOG FASP Session Params uuid=04a3e016-3fc7-4cb5-9135-e81b6c1d32b1 userid=0 user="user_11_2352_output" targetrate=1000000000 minrate=0 rate_policy=fair cipher=none resume=2 create=0 ovr=1 times=0 precalc=no mf=0 mf_path=- mf_suffix=.aspera-inprogress partial_file_suffix=- files_encrypt=no files_decrypt=no file_csum=NONE dgram_sz=0 prepostcmd=- tcp_mode=no rtt_auto=yes cookie="-" vl_proto_ver=1  peer_vl_proto_ver=1 vl_local=0 vlink_remote=0 vl_sess_id=0 srcbase=- rd_sz=0 wr_sz=0 cluster_num_nodes=1 cluster_node_id=0 cluster_multi_session_threshold=-1 range=0-0 keepalive=no test_login=no proxy_ip=- net_rc_alg=alg_delay exclude_older/newer_than=0/0
2021-05-12 09:20:16.542 [10b04-0000fd20] LOG FASP Session Stop uuid=04a3e016-3fc7-4cb5-9135-e81b6c1d32b1 op=recv status=failed errcode=63 errstr="Source path stat failed" source=/71893 dest=download source_prefix=- local=192.168.1.10:55388 peer=111.76.126.39:33001 tcp_port=33001 os="Microsoft Windows 6.2 " ver=3.9.6.177525 lic=48:1:2000 peeros="Linux 3.10.0-1160.15.2.el7.x86_64 #1 SMP" peerver=3.7.4.147133 peerlic=10:1:56723 proto_sess=20003 proto_udp=20000 proto_bwmeas=20000 proto_data=2000e
2021-05-12 09:20:16.542 [10b04-0000fd20] LOG FASP Session Params uuid=04a3e016-3fc7-4cb5-9135-e81b6c1d32b1 userid=0 user="user_11_2352_output" targetrate=1000000000 minrate=0 rate_policy=fair cipher=none resume=2 create=0 ovr=1 times=0 precalc=no mf=0 mf_path=- mf_suffix=.aspera-inprogress partial_file_suffix=- files_encrypt=no files_decrypt=no file_csum=NONE dgram_sz=0 prepostcmd=- tcp_mode=no rtt_auto=yes cookie="-" vl_proto_ver=1  peer_vl_proto_ver=1 vl_local=0 vlink_remote=0 vl_sess_id=0 srcbase=- rd_sz=0 wr_sz=0 cluster_num_nodes=1 cluster_node_id=0 cluster_multi_session_threshold=-1 range=0-0 keepalive=no test_login=no proxy_ip=- net_rc_alg=alg_delay exclude_older/newer_than=0/0
2021-05-12 09:20:16.542 [10b04-0000fd20] LOG FASP Session Statistics [Receiver] id=04a3e016-3fc7-4cb5-9135-e81b6c1d32b1 delay=0ms rex_delay=0ms ooo_delay=0ms solicited_rex=0.00% rcvd_rex=0.00% rcvd_dups=0.00% ave_xmit_rate 0.00Kbps effective=0.00% effective_rate=0.00Kbps (detail: good_blks 0 bl_total 0 bl_orig 0 bl_rex 0 dup_blks 0 dup_last_blks 0 drop_blks_xnf 0) (sndr ctl: sent 0 rcvd 0 lost 0 lost 0.00%) (rcvr ctl: sent 0 rcvd 0 lost 0 lost 0.00%) (rex  ctl: sent 0 rcvd 0 lost 0 lost 0.00%) (progress: tx_bytes 0 file_bytes 0 tx_time 0) rex_xmit_blks 0  xmit_total 0 rex_xmit_pct 0.00%
2021-05-12 09:20:16.640 [10b04-00010db8] LOG as_mutex_destroy, CloseHandle failed, err=6
Last message repeated 1 times
2021-05-12 09:20:16.640 [10b04-10db8] LOG ======= File Transfer statistics =======
2021-05-12 09:20:16.640 [10b04-00010db8] LOG ------- Source statistics -------
2021-05-12 09:20:16.640 [10b04-00010db8] LOG Source argument scans attempted             :          0
2021-05-12 09:20:16.640 [10b04-00010db8] LOG - Source argument scans completed           :          0
2021-05-12 09:20:16.640 [10b04-00010db8] LOG Source path scans attempted                 :          0
2021-05-12 09:20:16.640 [10b04-00010db8] LOG - Source path scans failed                  :          0
2021-05-12 09:20:16.640 [10b04-00010db8] LOG - Source path scans skipped since irregular :          0
2021-05-12 09:20:16.640 [10b04-00010db8] LOG - Source path scans excluded                :          0
2021-05-12 09:20:16.640 [10b04-00010db8] LOG - Source directory scans completed          :          0
2021-05-12 09:20:16.640 [10b04-00010db8] LOG - Source file scans completed               :          0
2021-05-12 09:20:16.640 [10b04-00010db8] LOG Source directory creates attempted          :          0
2021-05-12 09:20:16.640 [10b04-00010db8] LOG - Source directory creates failed           :          0
2021-05-12 09:20:16.640 [10b04-00010db8] LOG - Source directory created or existed       :          0
2021-05-12 09:20:16.640 [10b04-00010db8] LOG Source file transfers attempted             :          0
2021-05-12 09:20:16.640 [10b04-00010db8] LOG - Source file transfers failed              :          0
2021-05-12 09:20:16.640 [10b04-00010db8] LOG - Source file transfers passed              :          0
2021-05-12 09:20:16.640 [10b04-00010db8] LOG - Source file transfers skipped             :          0
2021-05-12 09:20:16.640 [10b04-00010db8] LOG Source bytes transferred                    :          0
2021-05-12 09:20:16.640 [10b04-00010db8] LOG ======= end File Transfer statistics =======
2021-05-12 09:20:55.898 [1088c-00010668] LOG Configuration: using v2 configuration file "C:/Users/work/PycharmProjects/RGClient/backend/plugins/fasp/ascp/etc/aspera.conf", user -
2021-05-12 09:20:55.899 [1088c-00010668] LOG Initializing FASP version 3.9.6.177525, license max rate=(unlimited), account no.=1, license no.=2000 product=48
2021-05-12 09:20:55.899 [1088c-00010668] LOG Configured symlink actions: create=0, follow=1, follow_wide=0, skip=0
2021-05-12 09:20:55.899 [1088c-00010668] LOG Product version information not found.

2021-05-12 09:20:55.899 [1088c-00010668] LOG SSL locking callback already set elsewhere.  Skipping
2021-05-12 09:20:55.920 [1088c-00010668] LOG (access key) Not present
2021-05-12 09:20:56.431 [1088c-00010668] LOG [asssh] remote host-key fingerprint 7e4647f5483778867529a76381f24c93e95db73f
2021-05-12 09:21:15.649 [1088c-00010668] LOG [libssh2] 0.649688 Failure Event: -18 - Authentication failed (username/password)
2021-05-12 09:21:15.683 [1088c-00010668] ERR [ascp] SSH authentication failed
2021-05-12 09:21:15.683 [1088c-00010668] ERR failed to authenticate
2021-05-12 09:21:15.686 [1088c-00010c2c] LOG FASP Session Start uuid=951a41ad-71ff-483d-a867-206ce00be100 op=recv status=failed errcode=89 errstr="SSH authentication failed" source=718939 dest=download source_prefix=- local=0.0.0.0:33001 peer=111.76.126.39:33001 tcp_port=33001 os="Microsoft Windows 6.2 " ver=3.9.6.177525 lic=48:1:2000 peeros="-" peerver=- peerlic=0:0:0 proto_sess=20003 proto_udp=20000 proto_bwmeas=20000 proto_data=2000e
2021-05-12 09:21:15.686 [1088c-00010c2c] LOG FASP Session Params uuid=951a41ad-71ff-483d-a867-206ce00be100 userid=0 user="user_11_2352_output" targetrate=1000000000 minrate=0 rate_policy=fair cipher=none resume=2 create=0 ovr=1 times=0 precalc=no mf=0 mf_path=- mf_suffix=.aspera-inprogress partial_file_suffix=- files_encrypt=no files_decrypt=no file_csum=NONE dgram_sz=0 prepostcmd=- tcp_mode=no rtt_auto=yes cookie="-" vl_proto_ver=1  peer_vl_proto_ver=0 vl_local=0 vlink_remote=0 vl_sess_id=0 srcbase=- rd_sz=0 wr_sz=0 cluster_num_nodes=1 cluster_node_id=0 cluster_multi_session_threshold=-1 range=0-0 keepalive=no test_login=no proxy_ip=- net_rc_alg=alg_delay exclude_older/newer_than=0/0
2021-05-12 09:21:15.692 [1088c-00010c2c] LOG FASP Session Stop uuid=951a41ad-71ff-483d-a867-206ce00be100 op=recv status=failed errcode=89 errstr="SSH authentication failed" source=718939 dest=download source_prefix=- local=0.0.0.0:33001 peer=111.76.126.39:33001 tcp_port=33001 os="Microsoft Windows 6.2 " ver=3.9.6.177525 lic=48:1:2000 peeros="-" peerver=- peerlic=0:0:0 proto_sess=20003 proto_udp=20000 proto_bwmeas=20000 proto_data=2000e
2021-05-12 09:21:15.693 [1088c-00010c2c] LOG FASP Session Params uuid=951a41ad-71ff-483d-a867-206ce00be100 userid=0 user="user_11_2352_output" targetrate=1000000000 minrate=0 rate_policy=fair cipher=none resume=2 create=0 ovr=1 times=0 precalc=no mf=0 mf_path=- mf_suffix=.aspera-inprogress partial_file_suffix=- files_encrypt=no files_decrypt=no file_csum=NONE dgram_sz=0 prepostcmd=- tcp_mode=no rtt_auto=yes cookie="-" vl_proto_ver=1  peer_vl_proto_ver=0 vl_local=0 vlink_remote=0 vl_sess_id=0 srcbase=- rd_sz=0 wr_sz=0 cluster_num_nodes=1 cluster_node_id=0 cluster_multi_session_threshold=-1 range=0-0 keepalive=no test_login=no proxy_ip=- net_rc_alg=alg_delay exclude_older/newer_than=0/0
2021-05-12 09:21:15.693 [1088c-00010c2c] LOG FASP Session Statistics [Receiver] id=951a41ad-71ff-483d-a867-206ce00be100 delay=0ms rex_delay=0ms ooo_delay=0ms solicited_rex=0.00% rcvd_rex=0.00% rcvd_dups=0.00% ave_xmit_rate 0.00Kbps effective=0.00% effective_rate=0.00Kbps (detail: good_blks 0 bl_total 0 bl_orig 0 bl_rex 0 dup_blks 0 dup_last_blks 0 drop_blks_xnf 0) (sndr ctl: sent 0 rcvd 0 lost 0 lost 0.00%) (rcvr ctl: sent 0 rcvd 0 lost 0 lost 0.00%) (rex  ctl: sent 0 rcvd 0 lost 0 lost 0.00%) (progress: tx_bytes 0 file_bytes 0 tx_time 0) rex_xmit_blks 0  xmit_total 0 rex_xmit_pct 0.00%
2021-05-12 09:21:19.018 [ffe8-00010c8c] LOG Configuration: using v2 configuration file "C:/Users/work/PycharmProjects/RGClient/backend/plugins/fasp/ascp/etc/aspera.conf", user -
2021-05-12 09:21:19.020 [ffe8-00010c8c] LOG Initializing FASP version 3.9.6.177525, license max rate=(unlimited), account no.=1, license no.=2000 product=48
2021-05-12 09:21:19.020 [ffe8-00010c8c] LOG Configured symlink actions: create=0, follow=1, follow_wide=0, skip=0
2021-05-12 09:21:19.020 [ffe8-00010c8c] LOG Product version information not found.

2021-05-12 09:21:19.020 [ffe8-00010c8c] LOG SSL locking callback already set elsewhere.  Skipping
2021-05-12 09:21:19.040 [ffe8-00010c8c] LOG (access key) Not present
2021-05-12 09:21:19.535 [ffe8-00010c8c] LOG [asssh] remote host-key fingerprint 7e4647f5483778867529a76381f24c93e95db73f
2021-05-12 09:21:24.763 [ffe8-00010c8c] LOG [asssh] authentication succeeded, proceeding.
2021-05-12 09:21:25.340 [ffe8-00010c8c] LOG AUTH [CLIENT] op=receive auth_method=client_full_access sess_auth=pass sess_root=unset access_key=NONE remote_user=user_11_2352_output remote_host=gpu.renderg.com system_user=work token=- storage=(no docroot)
2021-05-12 09:21:25.396 [ffe8-00010c8c] LOG Xattrs-preserving modes for starters: --preserve-xattrs=none, --remote-preserve-xattrs=none; --preserve-acls=none, --remote-preserve-acls=none
2021-05-12 09:21:25.397 [ffe8-0001059c] LOG FASP Session Start uuid=2c9a4e25-bcf5-4449-b437-7333e732e462 op=recv status=started source=718939 dest=download source_prefix=- local=192.168.1.10:50467 peer=111.76.126.39:33001 tcp_port=33001 os="Microsoft Windows 6.2 " ver=3.9.6.177525 lic=48:1:2000 peeros="Linux 3.10.0-1160.15.2.el7.x86_64 #1 SMP" peerver=3.7.4.147133 peerlic=10:1:56723 proto_sess=20003 proto_udp=20000 proto_bwmeas=20000 proto_data=2000e
2021-05-12 09:21:25.397 [ffe8-0001059c] LOG FASP Session Params uuid=2c9a4e25-bcf5-4449-b437-7333e732e462 userid=0 user="user_11_2352_output" targetrate=1000000000 minrate=0 rate_policy=fair cipher=none resume=2 create=0 ovr=1 times=0 precalc=no mf=0 mf_path=- mf_suffix=.aspera-inprogress partial_file_suffix=- files_encrypt=no files_decrypt=no file_csum=NONE dgram_sz=0 prepostcmd=- tcp_mode=no rtt_auto=yes cookie="-" vl_proto_ver=1  peer_vl_proto_ver=1 vl_local=0 vlink_remote=0 vl_sess_id=20480 srcbase=- rd_sz=0 wr_sz=0 cluster_num_nodes=1 cluster_node_id=0 cluster_multi_session_threshold=-1 range=0-0 keepalive=no test_login=no proxy_ip=- net_rc_alg=alg_delay exclude_older/newer_than=0/0
2021-05-12 09:21:25.553 [ffe8-00010c8c] LOG Measured pMTU: 1492 Bytes, start_brtt: 38 ms
2021-05-12 09:21:25.553 [ffe8-00010c8c] LOG datagram size 1448B, block size 1408B, path MTU 1492B
2021-05-12 09:21:25.795 [ffe8-0001059c] LOG FASP Transfer Start uuid=2c9a4e25-bcf5-4449-b437-7333e732e462 op=recv status=started file="download/caez_scene_youXiShiJie_mod_v017_015.ma.7z" size=1651097607 start_byte=0 rate=1000.00Mbps loss=0.00 rexreqs=0 overhead=0 mtime="2021-05-12 05:00:49"
2021-05-12 09:21:39.577 [ffe8-0001059c] LOG Receiver bl t/o/r/d/ts/c/h=353679/172319/181359/1/593139/338119/349898 rex_rtt l/h/s/o=37/87/47/75 ooo_rtt l/h/s/o=38/76/46/51 rate_rtt b/l/h/s/r/f=37/37/75/46/0/1 ctl bm/bs=0/0 rex n/s/q/v/a/r=1332/291781/1874/17625/0/0 bl l/d/o/r/a/x/dl/df/dm/ds=197834/5113/20256/0/0/1/0/0/0/0 disk l/h/b=0/1/0 vlink lq/lo/rq/ro=0/0/0/0 rate t/m/c/n/vl/vr/r=1000000000/0/742981952/742981952/1000000000/1000000000/1000000000 prog t/f/e=490779520/490779520/14004294 rcvD=0
2021-05-12 09:21:39.577 [ffe8-0001059c] LOG Receiver DS Qs ds/n/rq/ao/ap/rd/ru/no/po/pc/do/tv/sv=1/0/0/0/0/0/1/0/0/0/0/0/0 Rs i/o=1/1 mgmt backlog i/s/n =
2021-05-12 09:21:59.584 [ffe8-0001059c] LOG Receiver bl t/o/r/d/ts/c/h=862892/399173/463718/1/1558330/841092/855081 rex_rtt l/h/s/o=37/95/42/43 ooo_rtt l/h/s/o=38/72/43/48 rate_rtt b/l/h/s/r/f=37/37/82/45/0/1 ctl bm/bs=0/0 rex n/s/q/v/a/r=1048/749321/4772/18773/0/0 bl l/d/o/r/a/x/dl/df/dm/ds=477311/8859/21404/0/0/1/0/0/0/0 disk l/h/b=0/1/0 vlink lq/lo/rq/ro=0/0/0/0 rate t/m/c/n/vl/vr/r=1000000000/0/838428160/838428160/1000000000/1000000000/1000000000 prog t/f/e=1202477056/1202477056/34011918 rcvD=0
2021-05-12 09:21:59.584 [ffe8-0001059c] LOG Receiver DS Qs ds/n/rq/ao/ap/rd/ru/no/po/pc/do/tv/sv=1/0/0/0/0/0/1/0/0/0/0/0/0 Rs i/o=1/1 mgmt backlog i/s/n =
2021-05-12 09:22:12.239 [ffe8-0001059c] LOG FASP Transfer Stop uuid=2c9a4e25-bcf5-4449-b437-7333e732e462 op=recv status=success file="download/caez_scene_youXiShiJie_mod_v017_015.ma.7z" size=1651097607 start_byte=0 rate=284.38Mbps elapsed=46.45s loss=0.00 rexreqs=0 overhead=10299 mtime="2021-05-12 05:00:49"
2021-05-12 09:22:12.486 [ffe8-0001059c] LOG Receiver bl t/o/r/d/ts/c/h=1183125/540367/642587/171/2194076/1172656/1172656 rex_rtt l/h/s/o=37/82/42/43 ooo_rtt l/h/s/o=37/63/39/46 rate_rtt b/l/h/s/r/f=36/36/69/38/0/1 ctl bm/bs=0/0 rex n/s/q/v/a/r=0/1042719/6615/19289/0/0 bl l/d/o/r/a/x/dl/df/dm/ds=654208/10299/21920/0/0/171/0/0/0/0 disk l/h/b=0/1/0 vlink lq/lo/rq/ro=0/0/0/0 rate t/m/c/n/vl/vr/r=1000000000/0/1000000000/1000000000/1000000000/1000000000/1000000000 prog t/f/e=1651097607/1651097607/46685559 rcvD=1
2021-05-12 09:22:12.486 [ffe8-0001059c] LOG Receiver DS Qs ds/n/rq/ao/ap/rd/ru/no/po/pc/do/tv/sv=0/0/0/0/0/0/0/0/0/0/0/0/0 Rs i/o=1/1 mgmt backlog i/s/n =
2021-05-12 09:22:12.631 [ffe8-0001059c] LOG FASP Session Stop uuid=2c9a4e25-bcf5-4449-b437-7333e732e462 op=recv status=success source=718939 dest=download source_prefix=- local=192.168.1.10:50467 peer=111.76.126.39:33001 tcp_port=33001 os="Microsoft Windows 6.2 " ver=3.9.6.177525 lic=48:1:2000 peeros="Linux 3.10.0-1160.15.2.el7.x86_64 #1 SMP" peerver=3.7.4.147133 peerlic=10:1:56723 proto_sess=20003 proto_udp=20000 proto_bwmeas=20000 proto_data=2000e
2021-05-12 09:22:12.631 [ffe8-0001059c] LOG FASP Session Params uuid=2c9a4e25-bcf5-4449-b437-7333e732e462 userid=0 user="user_11_2352_output" targetrate=1000000000 minrate=0 rate_policy=fair cipher=none resume=2 create=0 ovr=1 times=0 precalc=no mf=0 mf_path=- mf_suffix=.aspera-inprogress partial_file_suffix= files_encrypt=no files_decrypt=no file_csum=NONE dgram_sz=0 prepostcmd=- tcp_mode=no rtt_auto=yes cookie="-" vl_proto_ver=1  peer_vl_proto_ver=1 vl_local=0 vlink_remote=0 vl_sess_id=20480 srcbase=- rd_sz=0 wr_sz=0 cluster_num_nodes=1 cluster_node_id=0 cluster_multi_session_threshold=-1 range=0-0 keepalive=no test_login=no proxy_ip=- net_rc_alg=alg_delay exclude_older/newer_than=0/0
2021-05-12 09:22:12.631 [ffe8-0001059c] LOG FASP Session Statistics [Receiver] id=2c9a4e25-bcf5-4449-b437-7333e732e462 delay=38ms rex_delay=43ms ooo_delay=46ms solicited_rex=47.03% rcvd_rex=54.31% rcvd_dups=0.87% ave_xmit_rate 549.36Mbps effective=52.97% effective_rate=290.97Mbps (detail: good_blks 1172655 bl_total 1183125 bl_orig 540367 bl_rex 642587 dup_blks 10299 dup_last_blks 0 drop_blks_xnf 171) (sndr ctl: sent 49 rcvd 48 lost 1 lost 2.04%) (rcvr ctl: sent 975 rcvd 974 lost 1 lost 0.10%) (rex  ctl: sent 6615 rcvd 6609 lost 6 lost 0.09%) (progress: tx_bytes 1651097607 file_bytes 1651097607 tx_time 46685559) rex_xmit_blks 1041331  xmit_total 2213987 rex_xmit_pct 47.03%
2021-05-12 09:22:12.705 [ffe8-00010c8c] LOG ======= File Transfer statistics =======
2021-05-12 09:22:12.705 [ffe8-00010c8c] LOG ------- Source statistics -------
2021-05-12 09:22:12.705 [ffe8-00010c8c] LOG Source argument scans attempted             :          1
2021-05-12 09:22:12.705 [ffe8-00010c8c] LOG - Source argument scans completed           :          1
2021-05-12 09:22:12.705 [ffe8-00010c8c] LOG Source path scans attempted                 :          2
2021-05-12 09:22:12.705 [ffe8-00010c8c] LOG - Source path scans failed                  :          0
2021-05-12 09:22:12.705 [ffe8-00010c8c] LOG - Source path scans skipped since irregular :          0
2021-05-12 09:22:12.705 [ffe8-00010c8c] LOG - Source path scans excluded                :          0
2021-05-12 09:22:12.705 [ffe8-00010c8c] LOG - Source directory scans completed          :          1
2021-05-12 09:22:12.705 [ffe8-00010c8c] LOG - Source file scans completed               :          1
2021-05-12 09:22:12.705 [ffe8-00010c8c] LOG Source directory creates attempted          :          0
2021-05-12 09:22:12.705 [ffe8-00010c8c] LOG - Source directory creates failed           :          0
2021-05-12 09:22:12.705 [ffe8-00010c8c] LOG - Source directory created or existed       :          1
2021-05-12 09:22:12.705 [ffe8-00010c8c] LOG Source file transfers attempted             :          1
2021-05-12 09:22:12.705 [ffe8-00010c8c] LOG - Source file transfers failed              :          0
2021-05-12 09:22:12.705 [ffe8-00010c8c] LOG - Source file transfers passed              :          1
2021-05-12 09:22:12.705 [ffe8-00010c8c] LOG - Source file transfers skipped             :          0
2021-05-12 09:22:12.705 [ffe8-00010c8c] LOG Source bytes transferred                    : 1651097607
2021-05-12 09:22:12.705 [ffe8-00010c8c] LOG ======= end File Transfer statistics =======
